生成启动时间为 2016/3/7 15:46:52。
     1>项目“C:\Users\ZHONG ZEYU\Desktop\大三下\蔬菜分拣\Snap\Snap\Snap.vcxproj”在节点 2 上(Build 个目标)。
     1>ClCompile:
         D:\Program Files (x86)\Microsoft Visual Studio 12.0\VC\bin\CL.exe /c /ZI /nologo /W3 /WX- /sdl /Od /Oy- /D WIN32 /D _WINDOWS /D _DEBUG /D _CRT_SECURE_NO_WARNINGS /D _MBCS /D _AFXDLL /Gm /EHsc /RTC1 /MDd /GS /fp:precise /Zc:wchar_t /Zc:forScope /Yu"stdafx.h" /Fp"Debug\Snap.pch" /Fo"Debug\\" /Fd"Debug\vc120.pdb" /Gd /TP /analyze- /errorReport:prompt SnapDlg.cpp
         SnapDlg.cpp
     1>d:\opencv\build\include\opencv2\core\mat.hpp(1965): warning C4819: 该文件包含不能在当前代码页(936)中表示的字符。请将该文件保存为 Unicode 格式以防止数据丢失
     1>d:\opencv\build\include\opencv2\core\persistence.hpp : warning C4819: 该文件包含不能在当前代码页(936)中表示的字符。请将该文件保存为 Unicode 格式以防止数据丢失
     1>d:\opencv\build\include\opencv2\core\utility.hpp : warning C4819: 该文件包含不能在当前代码页(936)中表示的字符。请将该文件保存为 Unicode 格式以防止数据丢失
     1>c:\users\zhong zeyu\desktop\大三下\蔬菜分拣\snap\snap\snapdlg.cpp(506): warning C4258: “i”: 忽略 For 循环中的定义；使用封闭范围中的定义
                 c:\users\zhong zeyu\desktop\大三下\蔬菜分拣\snap\snap\snapdlg.cpp(501) : 忽略“i”的定义
                 c:\users\zhong zeyu\desktop\大三下\蔬菜分拣\snap\snap\snapdlg.cpp(470) : 使用“i”的定义
     1>c:\users\zhong zeyu\desktop\大三下\蔬菜分拣\snap\snap\snapdlg.cpp(507): warning C4258: “i”: 忽略 For 循环中的定义；使用封闭范围中的定义
                 c:\users\zhong zeyu\desktop\大三下\蔬菜分拣\snap\snap\snapdlg.cpp(501) : 忽略“i”的定义
                 c:\users\zhong zeyu\desktop\大三下\蔬菜分拣\snap\snap\snapdlg.cpp(470) : 使用“i”的定义
     1>c:\users\zhong zeyu\desktop\大三下\蔬菜分拣\snap\snap\snapdlg.cpp(773): warning C4244: “=”: 从“double”转换到“int”，可能丢失数据
       Link:
         D:\Program Files (x86)\Microsoft Visual Studio 12.0\VC\bin\link.exe /ERRORREPORT:PROMPT /OUT:"C:\Users\ZHONG ZEYU\Desktop\大三下\蔬菜分拣\Snap\Debug\Snap.exe" /INCREMENTAL /NOLOGO opencv_ts300d.lib opencv_world300d.lib IlmImfd.lib libjasperd.lib libjpegd.lib libpngd.lib libtiffd.lib libwebpd.lib opencv_calib3d300d.lib opencv_core300d.lib opencv_features2d300d.lib opencv_flann300d.lib opencv_highgui300d.lib opencv_imgcodecs300d.lib opencv_imgproc300d.lib opencv_ml300d.lib opencv_objdetect300d.lib opencv_photo300d.lib opencv_shape300d.lib opencv_stitching300d.lib opencv_superres300d.lib opencv_video300d.lib opencv_videoio300d.lib opencv_videostab300d.lib zlibd.lib kernel32.lib user32.lib gdi32.lib winspool.lib comdlg32.lib advapi32.lib shell32.lib ole32.lib oleaut32.lib uuid.lib odbc32.lib odbccp32.lib /MANIFEST /MANIFESTUAC:"level='asInvoker' uiAccess='false'" /manifest:embed /manifestinput:"D:\Program Files (x86)\Microsoft Visual Studio 12.0\VC\Include\Manifest\dpiaware.manifest" /DEBUG /PDB:"C:\Users\ZHONG ZEYU\Desktop\大三下\蔬菜分拣\Snap\Debug\Snap.pdb" /SUBSYSTEM:WINDOWS /TLBID:1 /DYNAMICBASE /NXCOMPAT /IMPLIB:"C:\Users\ZHONG ZEYU\Desktop\大三下\蔬菜分拣\Snap\Debug\Snap.lib" /MACHINE:X86 Debug\Snap.res
         Debug\mscomm1.obj
         Debug\Snap.obj
         Debug\SnapDlg.obj
         Debug\stdafx.obj
         Snap.vcxproj -> C:\Users\ZHONG ZEYU\Desktop\大三下\蔬菜分拣\Snap\Debug\Snap.exe
     1>已完成生成项目“C:\Users\ZHONG ZEYU\Desktop\大三下\蔬菜分拣\Snap\Snap\Snap.vcxproj”(Build 个目标)的操作。

生成成功。

已用时间 00:00:18.72
